<?xml version="1.0" encoding="UTF-8"?>
<TestRun id="cbfd7604-a79b-47f5-a53b-7b8aa3a91c2e" name="Mats@MATSDATOR1 2012-01-08 11:26:34" runUser="MatsDator1\Mats" xmlns="http://microsoft.com/schemas/VisualStudio/TeamTest/2010">
  <TestSettings name="Local" id="8f4e77c5-bbe4-405a-a0f8-8a80e26343c7">
    <Description>These are default test settings for a local test run.</Description>
    <Deployment enabled="false" runDeploymentRoot="Mats_MATSDATOR1 2012-01-08 11_26_34">
      <DeploymentItem filename="C:\Development\SimpleIOC\SimpleIOC.Core\bin\Debug\SimpleIOC.Core.dll" />
    </Deployment>
    <Execution>
      <TestTypeSpecific />
      <AgentRule name="Execution Agents">
      </AgentRule>
    </Execution>
  </TestSettings>
  <Times creation="2012-01-08T11:26:34.0026120+01:00" queuing="2012-01-08T11:26:35.4136927+01:00" start="2012-01-08T11:26:35.5937030+01:00" finish="2012-01-08T11:27:46.1457383+01:00" />
  <ResultSummary outcome="Error">
    <Counters total="1" executed="1" error="0" failed="0" timeout="0" aborted="1" inconclusive="0" passedButRunAborted="0" notRunnable="0" notExecuted="0" disconnected="0" warning="0" passed="0" completed="0" inProgress="0" pending="0" />
    <RunInfos>
      <RunInfo computerName="MATSDATOR1" outcome="Error" timestamp="2012-01-08T11:27:46.1427382+01:00">
        <Text>Test host process exited unexpectedly.</Text>
      </RunInfo>
    </RunInfos>
  </ResultSummary>
  <TestDefinitions>
    <UnitTest name="Should_Return_An_Array_Containing_Two_Items_When_Resolving_All" storage="c:\development\simpleioc\simpleioc.tests\bin\debug\simpleioc.tests.dll" id="9066f836-74c3-4c9a-62ae-87661f96486e">
      <Execution id="0cfa9260-e0c8-4e20-a398-4e85554e6494" />
      <TestMethod codeBase="C:/Development/SimpleIOC/SimpleIOC.Tests/bin/Debug/SimpleIOC.Tests.DLL" adapterTypeName="Microsoft.VisualStudio.TestTools.TestTypes.Unit.UnitTestAdapter, Microsoft.VisualStudio.QualityTools.Tips.UnitTest.Adapter, Version=10.0.0.0, Culture=neutral, PublicKeyToken=b03f5f7f11d50a3a" className="SimpleIOC.Tests.ContainerTests, SimpleIOC.Tests, Version=1.0.0.0, Culture=neutral, PublicKeyToken=null" name="Should_Return_An_Array_Containing_Two_Items_When_Resolving_All" />
    </UnitTest>
  </TestDefinitions>
  <TestLists>
    <TestList name="Results Not in a List" id="8c84fa94-04c1-424b-9868-57a2d4851a1d" />
    <TestList name="All Loaded Results" id="19431567-8539-422a-85d7-44ee4e166bda" />
  </TestLists>
  <TestEntries>
    <TestEntry testId="9066f836-74c3-4c9a-62ae-87661f96486e" executionId="0cfa9260-e0c8-4e20-a398-4e85554e6494" testListId="8c84fa94-04c1-424b-9868-57a2d4851a1d" />
  </TestEntries>
  <Results>
    <UnitTestResult executionId="0cfa9260-e0c8-4e20-a398-4e85554e6494" testId="9066f836-74c3-4c9a-62ae-87661f96486e" testName="Should_Return_An_Array_Containing_Two_Items_When_Resolving_All" computerName="MATSDATOR1" duration="00:01:10.3480236" startTime="2012-01-08T11:26:35.7977147+01:00" endTime="2012-01-08T11:27:46.1457383+01:00" testType="13cdc9d9-ddb5-4fa4-a97d-d965ccfc6d4b" outcome="Aborted" testListId="8c84fa94-04c1-424b-9868-57a2d4851a1d" relativeResultsDirectory="0cfa9260-e0c8-4e20-a398-4e85554e6494">
    </UnitTestResult>
  </Results>
</TestRun>