<?xml version="1.0" encoding="UTF-8"?>
<TestRun id="293eaa6f-bb3a-4055-902e-712d22f401c3" name="Mats@MATSDATOR1 2012-01-08 11:24:11" runUser="MatsDator1\Mats" xmlns="http://microsoft.com/schemas/VisualStudio/TeamTest/2010">
  <TestSettings name="Local" id="8f4e77c5-bbe4-405a-a0f8-8a80e26343c7">
    <Description>These are default test settings for a local test run.</Description>
    <Deployment enabled="false" runDeploymentRoot="Mats_MATSDATOR1 2012-01-08 11_24_11">
      <DeploymentItem filename="C:\Development\SimpleIOC\SimpleIOC.Core\bin\Debug\SimpleIOC.Core.dll" />
    </Deployment>
    <Execution>
      <TestTypeSpecific />
      <AgentRule name="Execution Agents">
      </AgentRule>
    </Execution>
  </TestSettings>
  <Times creation="2012-01-08T11:24:11.7434753+01:00" queuing="2012-01-08T11:24:11.7824775+01:00" start="2012-01-08T11:24:11.8014786+01:00" finish="2012-01-08T11:24:12.2275030+01:00" />
  <ResultSummary outcome="Completed">
    <Counters total="9" executed="9" passed="9" error="0" failed="0" timeout="0" aborted="0" inconclusive="0" passedButRunAborted="0" notRunnable="0" notExecuted="0" disconnected="0" warning="0" completed="0" inProgress="0" pending="0" />
  </ResultSummary>
  <TestDefinitions>
    <UnitTest name="Should_Return_Different_Instances_When_RegisterComponent_Has_Lifetime_Transient" storage="c:\development\simpleioc\simpleioc.tests\bin\debug\simpleioc.tests.dll" id="7aa8b61e-4c78-431b-a080-64c39c3df33f">
      <Execution id="6c325c94-fb8f-47dd-8496-14de7058fbaa" />
      <TestMethod codeBase="C:/Development/SimpleIOC/SimpleIOC.Tests/bin/Debug/SimpleIOC.Tests.DLL" adapterTypeName="Microsoft.VisualStudio.TestTools.TestTypes.Unit.UnitTestAdapter, Microsoft.VisualStudio.QualityTools.Tips.UnitTest.Adapter, Version=10.0.0.0, Culture=neutral, PublicKeyToken=b03f5f7f11d50a3a" className="SimpleIOC.Tests.ContainerTests, SimpleIOC.Tests, Version=1.0.0.0, Culture=neutral, PublicKeyToken=null" name="Should_Return_Different_Instances_When_RegisterComponent_Has_Lifetime_Transient" />
    </UnitTest>
    <UnitTest name="Should_Return_Same_Instance_When_RegisterComponent_Has_Lifetime_Singleton" storage="c:\development\simpleioc\simpleioc.tests\bin\debug\simpleioc.tests.dll" id="47aefbcd-b13f-e269-2920-df10a8f1f714">
      <Execution id="5811952a-2911-4118-a2c3-9aa6a100da3e" />
      <TestMethod codeBase="C:/Development/SimpleIOC/SimpleIOC.Tests/bin/Debug/SimpleIOC.Tests.DLL" adapterTypeName="Microsoft.VisualStudio.TestTools.TestTypes.Unit.UnitTestAdapter, Microsoft.VisualStudio.QualityTools.Tips.UnitTest.Adapter, Version=10.0.0.0, Culture=neutral, PublicKeyToken=b03f5f7f11d50a3a" className="SimpleIOC.Tests.ContainerTests, SimpleIOC.Tests, Version=1.0.0.0, Culture=neutral, PublicKeyToken=null" name="Should_Return_Same_Instance_When_RegisterComponent_Has_Lifetime_Singleton" />
    </UnitTest>
    <UnitTest name="Should_Return_Different_Instances_With_No_Lifetime_Configuration" storage="c:\development\simpleioc\simpleioc.tests\bin\debug\simpleioc.tests.dll" id="b7695e69-3aa4-1052-b80a-9ac26e1396c3">
      <Execution id="0bac292a-228d-4ab9-8de0-f97483a7ce17" />
      <TestMethod codeBase="C:/Development/SimpleIOC/SimpleIOC.Tests/bin/Debug/SimpleIOC.Tests.DLL" adapterTypeName="Microsoft.VisualStudio.TestTools.TestTypes.Unit.UnitTestAdapter, Microsoft.VisualStudio.QualityTools.Tips.UnitTest.Adapter, Version=10.0.0.0, Culture=neutral, PublicKeyToken=b03f5f7f11d50a3a" className="SimpleIOC.Tests.ContainerTests, SimpleIOC.Tests, Version=1.0.0.0, Culture=neutral, PublicKeyToken=null" name="Should_Return_Different_Instances_With_No_Lifetime_Configuration" />
    </UnitTest>
    <UnitTest name="Should_Throw_An_Exception_When_ServiceType_Is_Not_Assignable_From_Implementing_Type" storage="c:\development\simpleioc\simpleioc.tests\bin\debug\simpleioc.tests.dll" id="a9a20814-67e6-a3ba-f2bf-f6266612a585">
      <Execution id="f1c3fa46-971c-4326-bd84-75fc4dc1f702" />
      <TestMethod codeBase="C:/Development/SimpleIOC/SimpleIOC.Tests/bin/Debug/SimpleIOC.Tests.DLL" adapterTypeName="Microsoft.VisualStudio.TestTools.TestTypes.Unit.UnitTestAdapter, Microsoft.VisualStudio.QualityTools.Tips.UnitTest.Adapter, Version=10.0.0.0, Culture=neutral, PublicKeyToken=b03f5f7f11d50a3a" className="SimpleIOC.Tests.ContainerTests, SimpleIOC.Tests, Version=1.0.0.0, Culture=neutral, PublicKeyToken=null" name="Should_Throw_An_Exception_When_ServiceType_Is_Not_Assignable_From_Implementing_Type" />
    </UnitTest>
    <UnitTest name="Should_Return_Same_Instance_With_Singleton_Lifetime_Configuration" storage="c:\development\simpleioc\simpleioc.tests\bin\debug\simpleioc.tests.dll" id="a1766c4b-3d90-ac14-0e4d-486abda2af87">
      <Execution id="3f7927f8-0c10-4995-a3f5-662bd47491fc" />
      <TestMethod codeBase="C:/Development/SimpleIOC/SimpleIOC.Tests/bin/Debug/SimpleIOC.Tests.DLL" adapterTypeName="Microsoft.VisualStudio.TestTools.TestTypes.Unit.UnitTestAdapter, Microsoft.VisualStudio.QualityTools.Tips.UnitTest.Adapter, Version=10.0.0.0, Culture=neutral, PublicKeyToken=b03f5f7f11d50a3a" className="SimpleIOC.Tests.ContainerTests, SimpleIOC.Tests, Version=1.0.0.0, Culture=neutral, PublicKeyToken=null" name="Should_Return_Same_Instance_With_Singleton_Lifetime_Configuration" />
    </UnitTest>
    <UnitTest name="Should_Resolve_Using_Greediest_Constructor" storage="c:\development\simpleioc\simpleioc.tests\bin\debug\simpleioc.tests.dll" id="fe93e5ba-a045-333b-dc14-a259d7f30137">
      <Execution id="477b352a-b812-4266-9471-7233ad4e305b" />
      <TestMethod codeBase="C:/Development/SimpleIOC/SimpleIOC.Tests/bin/Debug/SimpleIOC.Tests.DLL" adapterTypeName="Microsoft.VisualStudio.TestTools.TestTypes.Unit.UnitTestAdapter, Microsoft.VisualStudio.QualityTools.Tips.UnitTest.Adapter, Version=10.0.0.0, Culture=neutral, PublicKeyToken=b03f5f7f11d50a3a" className="SimpleIOC.Tests.ContainerTests, SimpleIOC.Tests, Version=1.0.0.0, Culture=neutral, PublicKeyToken=null" name="Should_Resolve_Using_Greediest_Constructor" />
    </UnitTest>
    <UnitTest name="Should_Return_Same_Instance_With_Singleton_Lifetime_Transient" storage="c:\development\simpleioc\simpleioc.tests\bin\debug\simpleioc.tests.dll" id="3d23e2e5-5324-758b-3ea3-e549aa9c62be">
      <Execution id="33605630-a93b-4bbb-9cc4-01d63cbd9a21" />
      <TestMethod codeBase="C:/Development/SimpleIOC/SimpleIOC.Tests/bin/Debug/SimpleIOC.Tests.DLL" adapterTypeName="Microsoft.VisualStudio.TestTools.TestTypes.Unit.UnitTestAdapter, Microsoft.VisualStudio.QualityTools.Tips.UnitTest.Adapter, Version=10.0.0.0, Culture=neutral, PublicKeyToken=b03f5f7f11d50a3a" className="SimpleIOC.Tests.ContainerTests, SimpleIOC.Tests, Version=1.0.0.0, Culture=neutral, PublicKeyToken=null" name="Should_Return_Same_Instance_With_Singleton_Lifetime_Transient" />
    </UnitTest>
    <UnitTest name="Should_Be_Able_To_Assign_A_Type_To_Itself" storage="c:\development\simpleioc\simpleioc.tests\bin\debug\simpleioc.tests.dll" id="e1e48189-3ca1-6959-57e7-11c451585432">
      <Execution id="324be9cc-cbaf-4ed4-b166-475033b07531" />
      <TestMethod codeBase="C:/Development/SimpleIOC/SimpleIOC.Tests/bin/Debug/SimpleIOC.Tests.DLL" adapterTypeName="Microsoft.VisualStudio.TestTools.TestTypes.Unit.UnitTestAdapter, Microsoft.VisualStudio.QualityTools.Tips.UnitTest.Adapter, Version=10.0.0.0, Culture=neutral, PublicKeyToken=b03f5f7f11d50a3a" className="SimpleIOC.Tests.ContainerTests, SimpleIOC.Tests, Version=1.0.0.0, Culture=neutral, PublicKeyToken=null" name="Should_Be_Able_To_Assign_A_Type_To_Itself" />
    </UnitTest>
    <UnitTest name="Should_Not_Use_Greediest_Constructor_When_It_Is_Not_Resolvable" storage="c:\development\simpleioc\simpleioc.tests\bin\debug\simpleioc.tests.dll" id="156f5eea-9397-288c-fbfe-06d29dfc5e3b">
      <Execution id="caf48c29-8fa8-48fe-bc0d-de08cf2f9101" />
      <TestMethod codeBase="C:/Development/SimpleIOC/SimpleIOC.Tests/bin/Debug/SimpleIOC.Tests.DLL" adapterTypeName="Microsoft.VisualStudio.TestTools.TestTypes.Unit.UnitTestAdapter, Microsoft.VisualStudio.QualityTools.Tips.UnitTest.Adapter, Version=10.0.0.0, Culture=neutral, PublicKeyToken=b03f5f7f11d50a3a" className="SimpleIOC.Tests.ContainerTests, SimpleIOC.Tests, Version=1.0.0.0, Culture=neutral, PublicKeyToken=null" name="Should_Not_Use_Greediest_Constructor_When_It_Is_Not_Resolvable" />
    </UnitTest>
  </TestDefinitions>
  <TestLists>
    <TestList name="Results Not in a List" id="8c84fa94-04c1-424b-9868-57a2d4851a1d" />
    <TestList name="All Loaded Results" id="19431567-8539-422a-85d7-44ee4e166bda" />
  </TestLists>
  <TestEntries>
    <TestEntry testId="156f5eea-9397-288c-fbfe-06d29dfc5e3b" executionId="caf48c29-8fa8-48fe-bc0d-de08cf2f9101" testListId="8c84fa94-04c1-424b-9868-57a2d4851a1d" />
    <TestEntry testId="3d23e2e5-5324-758b-3ea3-e549aa9c62be" executionId="33605630-a93b-4bbb-9cc4-01d63cbd9a21" testListId="8c84fa94-04c1-424b-9868-57a2d4851a1d" />
    <TestEntry testId="47aefbcd-b13f-e269-2920-df10a8f1f714" executionId="5811952a-2911-4118-a2c3-9aa6a100da3e" testListId="8c84fa94-04c1-424b-9868-57a2d4851a1d" />
    <TestEntry testId="7aa8b61e-4c78-431b-a080-64c39c3df33f" executionId="6c325c94-fb8f-47dd-8496-14de7058fbaa" testListId="8c84fa94-04c1-424b-9868-57a2d4851a1d" />
    <TestEntry testId="a1766c4b-3d90-ac14-0e4d-486abda2af87" executionId="3f7927f8-0c10-4995-a3f5-662bd47491fc" testListId="8c84fa94-04c1-424b-9868-57a2d4851a1d" />
    <TestEntry testId="a9a20814-67e6-a3ba-f2bf-f6266612a585" executionId="f1c3fa46-971c-4326-bd84-75fc4dc1f702" testListId="8c84fa94-04c1-424b-9868-57a2d4851a1d" />
    <TestEntry testId="b7695e69-3aa4-1052-b80a-9ac26e1396c3" executionId="0bac292a-228d-4ab9-8de0-f97483a7ce17" testListId="8c84fa94-04c1-424b-9868-57a2d4851a1d" />
    <TestEntry testId="e1e48189-3ca1-6959-57e7-11c451585432" executionId="324be9cc-cbaf-4ed4-b166-475033b07531" testListId="8c84fa94-04c1-424b-9868-57a2d4851a1d" />
    <TestEntry testId="fe93e5ba-a045-333b-dc14-a259d7f30137" executionId="477b352a-b812-4266-9471-7233ad4e305b" testListId="8c84fa94-04c1-424b-9868-57a2d4851a1d" />
  </TestEntries>
  <Results>
    <UnitTestResult executionId="caf48c29-8fa8-48fe-bc0d-de08cf2f9101" testId="156f5eea-9397-288c-fbfe-06d29dfc5e3b" testName="Should_Not_Use_Greediest_Constructor_When_It_Is_Not_Resolvable" computerName="MATSDATOR1" duration="00:00:00.0275264" startTime="2012-01-08T11:24:11.8094791+01:00" endTime="2012-01-08T11:24:12.0544931+01:00" testType="13cdc9d9-ddb5-4fa4-a97d-d965ccfc6d4b" outcome="Passed" testListId="8c84fa94-04c1-424b-9868-57a2d4851a1d" relativeResultsDirectory="caf48c29-8fa8-48fe-bc0d-de08cf2f9101">
    </UnitTestResult>
    <UnitTestResult executionId="33605630-a93b-4bbb-9cc4-01d63cbd9a21" testId="3d23e2e5-5324-758b-3ea3-e549aa9c62be" testName="Should_Return_Same_Instance_With_Singleton_Lifetime_Transient" computerName="MATSDATOR1" duration="00:00:00.0028434" startTime="2012-01-08T11:24:12.0674938+01:00" endTime="2012-01-08T11:24:12.0874950+01:00" testType="13cdc9d9-ddb5-4fa4-a97d-d965ccfc6d4b" outcome="Passed" testListId="8c84fa94-04c1-424b-9868-57a2d4851a1d" relativeResultsDirectory="33605630-a93b-4bbb-9cc4-01d63cbd9a21">
    </UnitTestResult>
    <UnitTestResult executionId="5811952a-2911-4118-a2c3-9aa6a100da3e" testId="47aefbcd-b13f-e269-2920-df10a8f1f714" testName="Should_Return_Same_Instance_When_RegisterComponent_Has_Lifetime_Singleton" computerName="MATSDATOR1" duration="00:00:00.0026995" startTime="2012-01-08T11:24:12.0924952+01:00" endTime="2012-01-08T11:24:12.1044959+01:00" testType="13cdc9d9-ddb5-4fa4-a97d-d965ccfc6d4b" outcome="Passed" testListId="8c84fa94-04c1-424b-9868-57a2d4851a1d" relativeResultsDirectory="5811952a-2911-4118-a2c3-9aa6a100da3e">
    </UnitTestResult>
    <UnitTestResult executionId="6c325c94-fb8f-47dd-8496-14de7058fbaa" testId="7aa8b61e-4c78-431b-a080-64c39c3df33f" testName="Should_Return_Different_Instances_When_RegisterComponent_Has_Lifetime_Transient" computerName="MATSDATOR1" duration="00:00:00.0051916" startTime="2012-01-08T11:24:12.1114963+01:00" endTime="2012-01-08T11:24:12.1264972+01:00" testType="13cdc9d9-ddb5-4fa4-a97d-d965ccfc6d4b" outcome="Passed" testListId="8c84fa94-04c1-424b-9868-57a2d4851a1d" relativeResultsDirectory="6c325c94-fb8f-47dd-8496-14de7058fbaa">
    </UnitTestResult>
    <UnitTestResult executionId="3f7927f8-0c10-4995-a3f5-662bd47491fc" testId="a1766c4b-3d90-ac14-0e4d-486abda2af87" testName="Should_Return_Same_Instance_With_Singleton_Lifetime_Configuration" computerName="MATSDATOR1" duration="00:00:00.0048950" startTime="2012-01-08T11:24:12.1344976+01:00" endTime="2012-01-08T11:24:12.1484984+01:00" testType="13cdc9d9-ddb5-4fa4-a97d-d965ccfc6d4b" outcome="Passed" testListId="8c84fa94-04c1-424b-9868-57a2d4851a1d" relativeResultsDirectory="3f7927f8-0c10-4995-a3f5-662bd47491fc">
    </UnitTestResult>
    <UnitTestResult executionId="f1c3fa46-971c-4326-bd84-75fc4dc1f702" testId="a9a20814-67e6-a3ba-f2bf-f6266612a585" testName="Should_Throw_An_Exception_When_ServiceType_Is_Not_Assignable_From_Implementing_Type" computerName="MATSDATOR1" duration="00:00:00.0030249" startTime="2012-01-08T11:24:12.1594991+01:00" endTime="2012-01-08T11:24:12.1694996+01:00" testType="13cdc9d9-ddb5-4fa4-a97d-d965ccfc6d4b" outcome="Passed" testListId="8c84fa94-04c1-424b-9868-57a2d4851a1d" relativeResultsDirectory="f1c3fa46-971c-4326-bd84-75fc4dc1f702">
    </UnitTestResult>
    <UnitTestResult executionId="0bac292a-228d-4ab9-8de0-f97483a7ce17" testId="b7695e69-3aa4-1052-b80a-9ac26e1396c3" testName="Should_Return_Different_Instances_With_No_Lifetime_Configuration" computerName="MATSDATOR1" duration="00:00:00.0003359" startTime="2012-01-08T11:24:12.1785002+01:00" endTime="2012-01-08T11:24:12.1845005+01:00" testType="13cdc9d9-ddb5-4fa4-a97d-d965ccfc6d4b" outcome="Passed" testListId="8c84fa94-04c1-424b-9868-57a2d4851a1d" relativeResultsDirectory="0bac292a-228d-4ab9-8de0-f97483a7ce17">
    </UnitTestResult>
    <UnitTestResult executionId="324be9cc-cbaf-4ed4-b166-475033b07531" testId="e1e48189-3ca1-6959-57e7-11c451585432" testName="Should_Be_Able_To_Assign_A_Type_To_Itself" computerName="MATSDATOR1" duration="00:00:00.0009012" startTime="2012-01-08T11:24:12.1885007+01:00" endTime="2012-01-08T11:24:12.1995014+01:00" testType="13cdc9d9-ddb5-4fa4-a97d-d965ccfc6d4b" outcome="Passed" testListId="8c84fa94-04c1-424b-9868-57a2d4851a1d" relativeResultsDirectory="324be9cc-cbaf-4ed4-b166-475033b07531">
    </UnitTestResult>
    <UnitTestResult executionId="477b352a-b812-4266-9471-7233ad4e305b" testId="fe93e5ba-a045-333b-dc14-a259d7f30137" testName="Should_Resolve_Using_Greediest_Constructor" computerName="MATSDATOR1" duration="00:00:00.0003063" startTime="2012-01-08T11:24:12.2055017+01:00" endTime="2012-01-08T11:24:12.2115020+01:00" testType="13cdc9d9-ddb5-4fa4-a97d-d965ccfc6d4b" outcome="Passed" testListId="8c84fa94-04c1-424b-9868-57a2d4851a1d" relativeResultsDirectory="477b352a-b812-4266-9471-7233ad4e305b">
    </UnitTestResult>
  </Results>
</TestRun>