<?xml version="1.0" encoding="UTF-8"?>
<TestRun id="7fd38e6e-6525-4798-9a00-87ac79fc7c48" name="Mats@MATSDATOR1 2012-01-08 11:17:21" runUser="MatsDator1\Mats" xmlns="http://microsoft.com/schemas/VisualStudio/TeamTest/2010">
  <TestSettings name="Local" id="8f4e77c5-bbe4-405a-a0f8-8a80e26343c7">
    <Description>These are default test settings for a local test run.</Description>
    <Deployment enabled="false" runDeploymentRoot="Mats_MATSDATOR1 2012-01-08 11_17_21">
      <DeploymentItem filename="C:\Development\SimpleIOC\SimpleIOC.Core\bin\Debug\SimpleIOC.Core.dll" />
    </Deployment>
    <Execution>
      <TestTypeSpecific />
      <AgentRule name="Execution Agents">
      </AgentRule>
    </Execution>
  </TestSettings>
  <Times creation="2012-01-08T11:17:21.5330125+01:00" queuing="2012-01-08T11:17:21.6020165+01:00" start="2012-01-08T11:17:21.6210176+01:00" finish="2012-01-08T11:17:22.1420474+01:00" />
  <ResultSummary outcome="Failed">
    <Counters total="10" executed="10" passed="9" error="0" failed="1" timeout="0" aborted="0" inconclusive="0" passedButRunAborted="0" notRunnable="0" notExecuted="0" disconnected="0" warning="0" completed="0" inProgress="0" pending="0" />
  </ResultSummary>
  <TestDefinitions>
    <UnitTest name="Should_Return_Different_Instances_When_RegisterComponent_Has_Lifetime_Transient" storage="c:\development\simpleioc\simpleioc.tests\bin\debug\simpleioc.tests.dll" id="7aa8b61e-4c78-431b-a080-64c39c3df33f">
      <Execution id="7c1384ff-b7a6-4cfb-a6bd-aacbc390fb2a" />
      <TestMethod codeBase="C:/Development/SimpleIOC/SimpleIOC.Tests/bin/Debug/SimpleIOC.Tests.DLL" adapterTypeName="Microsoft.VisualStudio.TestTools.TestTypes.Unit.UnitTestAdapter, Microsoft.VisualStudio.QualityTools.Tips.UnitTest.Adapter, Version=10.0.0.0, Culture=neutral, PublicKeyToken=b03f5f7f11d50a3a" className="SimpleIOC.Tests.ContainerTests, SimpleIOC.Tests, Version=1.0.0.0, Culture=neutral, PublicKeyToken=null" name="Should_Return_Different_Instances_When_RegisterComponent_Has_Lifetime_Transient" />
    </UnitTest>
    <UnitTest name="Should_Throw_An_Exception_When_ServiceType_Is_Not_Assignable_From_Implementing_Type" storage="c:\development\simpleioc\simpleioc.tests\bin\debug\simpleioc.tests.dll" id="a9a20814-67e6-a3ba-f2bf-f6266612a585">
      <Execution id="a3d864a4-f934-4e87-b235-7565f2b186b8" />
      <TestMethod codeBase="C:/Development/SimpleIOC/SimpleIOC.Tests/bin/Debug/SimpleIOC.Tests.DLL" adapterTypeName="Microsoft.VisualStudio.TestTools.TestTypes.Unit.UnitTestAdapter, Microsoft.VisualStudio.QualityTools.Tips.UnitTest.Adapter, Version=10.0.0.0, Culture=neutral, PublicKeyToken=b03f5f7f11d50a3a" className="SimpleIOC.Tests.ContainerTests, SimpleIOC.Tests, Version=1.0.0.0, Culture=neutral, PublicKeyToken=null" name="Should_Throw_An_Exception_When_ServiceType_Is_Not_Assignable_From_Implementing_Type" />
    </UnitTest>
    <UnitTest name="Should_Return_Same_Instance_When_RegisterComponent_Has_Lifetime_Singleton" storage="c:\development\simpleioc\simpleioc.tests\bin\debug\simpleioc.tests.dll" id="47aefbcd-b13f-e269-2920-df10a8f1f714">
      <Execution id="5a60356c-d86c-4fa6-bafb-286560f77a5f" />
      <TestMethod codeBase="C:/Development/SimpleIOC/SimpleIOC.Tests/bin/Debug/SimpleIOC.Tests.DLL" adapterTypeName="Microsoft.VisualStudio.TestTools.TestTypes.Unit.UnitTestAdapter, Microsoft.VisualStudio.QualityTools.Tips.UnitTest.Adapter, Version=10.0.0.0, Culture=neutral, PublicKeyToken=b03f5f7f11d50a3a" className="SimpleIOC.Tests.ContainerTests, SimpleIOC.Tests, Version=1.0.0.0, Culture=neutral, PublicKeyToken=null" name="Should_Return_Same_Instance_When_RegisterComponent_Has_Lifetime_Singleton" />
    </UnitTest>
    <UnitTest name="Should_Return_Different_Instances_With_No_Lifetime_Configuration" storage="c:\development\simpleioc\simpleioc.tests\bin\debug\simpleioc.tests.dll" id="b7695e69-3aa4-1052-b80a-9ac26e1396c3">
      <Execution id="357e5d0d-e329-473b-8f36-41822fefbfc5" />
      <TestMethod codeBase="C:/Development/SimpleIOC/SimpleIOC.Tests/bin/Debug/SimpleIOC.Tests.DLL" adapterTypeName="Microsoft.VisualStudio.TestTools.TestTypes.Unit.UnitTestAdapter, Microsoft.VisualStudio.QualityTools.Tips.UnitTest.Adapter, Version=10.0.0.0, Culture=neutral, PublicKeyToken=b03f5f7f11d50a3a" className="SimpleIOC.Tests.ContainerTests, SimpleIOC.Tests, Version=1.0.0.0, Culture=neutral, PublicKeyToken=null" name="Should_Return_Different_Instances_With_No_Lifetime_Configuration" />
    </UnitTest>
    <UnitTest name="Should_Return_An_Array_Containing_Two_Items_When_Resolving_All" storage="c:\development\simpleioc\simpleioc.tests\bin\debug\simpleioc.tests.dll" id="9066f836-74c3-4c9a-62ae-87661f96486e">
      <Execution id="4f0763e2-699d-41b1-b3b1-4235feafa580" />
      <TestMethod codeBase="C:/Development/SimpleIOC/SimpleIOC.Tests/bin/Debug/SimpleIOC.Tests.DLL" adapterTypeName="Microsoft.VisualStudio.TestTools.TestTypes.Unit.UnitTestAdapter, Microsoft.VisualStudio.QualityTools.Tips.UnitTest.Adapter, Version=10.0.0.0, Culture=neutral, PublicKeyToken=b03f5f7f11d50a3a" className="SimpleIOC.Tests.ContainerTests, SimpleIOC.Tests, Version=1.0.0.0, Culture=neutral, PublicKeyToken=null" name="Should_Return_An_Array_Containing_Two_Items_When_Resolving_All" />
    </UnitTest>
    <UnitTest name="Should_Return_Same_Instance_With_Singleton_Lifetime_Configuration" storage="c:\development\simpleioc\simpleioc.tests\bin\debug\simpleioc.tests.dll" id="a1766c4b-3d90-ac14-0e4d-486abda2af87">
      <Execution id="4066e7d3-7325-4623-96ba-177955e7cb2c" />
      <TestMethod codeBase="C:/Development/SimpleIOC/SimpleIOC.Tests/bin/Debug/SimpleIOC.Tests.DLL" adapterTypeName="Microsoft.VisualStudio.TestTools.TestTypes.Unit.UnitTestAdapter, Microsoft.VisualStudio.QualityTools.Tips.UnitTest.Adapter, Version=10.0.0.0, Culture=neutral, PublicKeyToken=b03f5f7f11d50a3a" className="SimpleIOC.Tests.ContainerTests, SimpleIOC.Tests, Version=1.0.0.0, Culture=neutral, PublicKeyToken=null" name="Should_Return_Same_Instance_With_Singleton_Lifetime_Configuration" />
    </UnitTest>
    <UnitTest name="Should_Resolve_Using_Greediest_Constructor" storage="c:\development\simpleioc\simpleioc.tests\bin\debug\simpleioc.tests.dll" id="fe93e5ba-a045-333b-dc14-a259d7f30137">
      <Execution id="2eb6dc67-4d4f-48b2-a24c-219fc866ad8f" />
      <TestMethod codeBase="C:/Development/SimpleIOC/SimpleIOC.Tests/bin/Debug/SimpleIOC.Tests.DLL" adapterTypeName="Microsoft.VisualStudio.TestTools.TestTypes.Unit.UnitTestAdapter, Microsoft.VisualStudio.QualityTools.Tips.UnitTest.Adapter, Version=10.0.0.0, Culture=neutral, PublicKeyToken=b03f5f7f11d50a3a" className="SimpleIOC.Tests.ContainerTests, SimpleIOC.Tests, Version=1.0.0.0, Culture=neutral, PublicKeyToken=null" name="Should_Resolve_Using_Greediest_Constructor" />
    </UnitTest>
    <UnitTest name="Should_Return_Same_Instance_With_Singleton_Lifetime_Transient" storage="c:\development\simpleioc\simpleioc.tests\bin\debug\simpleioc.tests.dll" id="3d23e2e5-5324-758b-3ea3-e549aa9c62be">
      <Execution id="4a814b31-cd5f-441b-8bdf-23e228930dc7" />
      <TestMethod codeBase="C:/Development/SimpleIOC/SimpleIOC.Tests/bin/Debug/SimpleIOC.Tests.DLL" adapterTypeName="Microsoft.VisualStudio.TestTools.TestTypes.Unit.UnitTestAdapter, Microsoft.VisualStudio.QualityTools.Tips.UnitTest.Adapter, Version=10.0.0.0, Culture=neutral, PublicKeyToken=b03f5f7f11d50a3a" className="SimpleIOC.Tests.ContainerTests, SimpleIOC.Tests, Version=1.0.0.0, Culture=neutral, PublicKeyToken=null" name="Should_Return_Same_Instance_With_Singleton_Lifetime_Transient" />
    </UnitTest>
    <UnitTest name="Should_Be_Able_To_Assign_A_Type_To_Itself" storage="c:\development\simpleioc\simpleioc.tests\bin\debug\simpleioc.tests.dll" id="e1e48189-3ca1-6959-57e7-11c451585432">
      <Execution id="02c6a796-eba2-4ec6-a8ac-99dc7dc471fa" />
      <TestMethod codeBase="C:/Development/SimpleIOC/SimpleIOC.Tests/bin/Debug/SimpleIOC.Tests.DLL" adapterTypeName="Microsoft.VisualStudio.TestTools.TestTypes.Unit.UnitTestAdapter, Microsoft.VisualStudio.QualityTools.Tips.UnitTest.Adapter, Version=10.0.0.0, Culture=neutral, PublicKeyToken=b03f5f7f11d50a3a" className="SimpleIOC.Tests.ContainerTests, SimpleIOC.Tests, Version=1.0.0.0, Culture=neutral, PublicKeyToken=null" name="Should_Be_Able_To_Assign_A_Type_To_Itself" />
    </UnitTest>
    <UnitTest name="Should_Not_Use_Greediest_Constructor_When_It_Is_Not_Resolvable" storage="c:\development\simpleioc\simpleioc.tests\bin\debug\simpleioc.tests.dll" id="156f5eea-9397-288c-fbfe-06d29dfc5e3b">
      <Execution id="60856971-c0eb-4105-a291-e6cd14dfa932" />
      <TestMethod codeBase="C:/Development/SimpleIOC/SimpleIOC.Tests/bin/Debug/SimpleIOC.Tests.DLL" adapterTypeName="Microsoft.VisualStudio.TestTools.TestTypes.Unit.UnitTestAdapter, Microsoft.VisualStudio.QualityTools.Tips.UnitTest.Adapter, Version=10.0.0.0, Culture=neutral, PublicKeyToken=b03f5f7f11d50a3a" className="SimpleIOC.Tests.ContainerTests, SimpleIOC.Tests, Version=1.0.0.0, Culture=neutral, PublicKeyToken=null" name="Should_Not_Use_Greediest_Constructor_When_It_Is_Not_Resolvable" />
    </UnitTest>
  </TestDefinitions>
  <TestLists>
    <TestList name="Results Not in a List" id="8c84fa94-04c1-424b-9868-57a2d4851a1d" />
    <TestList name="All Loaded Results" id="19431567-8539-422a-85d7-44ee4e166bda" />
  </TestLists>
  <TestEntries>
    <TestEntry testId="156f5eea-9397-288c-fbfe-06d29dfc5e3b" executionId="60856971-c0eb-4105-a291-e6cd14dfa932" testListId="8c84fa94-04c1-424b-9868-57a2d4851a1d" />
    <TestEntry testId="3d23e2e5-5324-758b-3ea3-e549aa9c62be" executionId="4a814b31-cd5f-441b-8bdf-23e228930dc7" testListId="8c84fa94-04c1-424b-9868-57a2d4851a1d" />
    <TestEntry testId="47aefbcd-b13f-e269-2920-df10a8f1f714" executionId="5a60356c-d86c-4fa6-bafb-286560f77a5f" testListId="8c84fa94-04c1-424b-9868-57a2d4851a1d" />
    <TestEntry testId="7aa8b61e-4c78-431b-a080-64c39c3df33f" executionId="7c1384ff-b7a6-4cfb-a6bd-aacbc390fb2a" testListId="8c84fa94-04c1-424b-9868-57a2d4851a1d" />
    <TestEntry testId="9066f836-74c3-4c9a-62ae-87661f96486e" executionId="4f0763e2-699d-41b1-b3b1-4235feafa580" testListId="8c84fa94-04c1-424b-9868-57a2d4851a1d" />
    <TestEntry testId="a1766c4b-3d90-ac14-0e4d-486abda2af87" executionId="4066e7d3-7325-4623-96ba-177955e7cb2c" testListId="8c84fa94-04c1-424b-9868-57a2d4851a1d" />
    <TestEntry testId="a9a20814-67e6-a3ba-f2bf-f6266612a585" executionId="a3d864a4-f934-4e87-b235-7565f2b186b8" testListId="8c84fa94-04c1-424b-9868-57a2d4851a1d" />
    <TestEntry testId="b7695e69-3aa4-1052-b80a-9ac26e1396c3" executionId="357e5d0d-e329-473b-8f36-41822fefbfc5" testListId="8c84fa94-04c1-424b-9868-57a2d4851a1d" />
    <TestEntry testId="e1e48189-3ca1-6959-57e7-11c451585432" executionId="02c6a796-eba2-4ec6-a8ac-99dc7dc471fa" testListId="8c84fa94-04c1-424b-9868-57a2d4851a1d" />
    <TestEntry testId="fe93e5ba-a045-333b-dc14-a259d7f30137" executionId="2eb6dc67-4d4f-48b2-a24c-219fc866ad8f" testListId="8c84fa94-04c1-424b-9868-57a2d4851a1d" />
  </TestEntries>
  <Results>
    <UnitTestResult executionId="60856971-c0eb-4105-a291-e6cd14dfa932" testId="156f5eea-9397-288c-fbfe-06d29dfc5e3b" testName="Should_Not_Use_Greediest_Constructor_When_It_Is_Not_Resolvable" computerName="MATSDATOR1" duration="00:00:00.0281014" startTime="2012-01-08T11:17:21.6360184+01:00" endTime="2012-01-08T11:17:21.8850327+01:00" testType="13cdc9d9-ddb5-4fa4-a97d-d965ccfc6d4b" outcome="Passed" testListId="8c84fa94-04c1-424b-9868-57a2d4851a1d" relativeResultsDirectory="60856971-c0eb-4105-a291-e6cd14dfa932">
    </UnitTestResult>
    <UnitTestResult executionId="4a814b31-cd5f-441b-8bdf-23e228930dc7" testId="3d23e2e5-5324-758b-3ea3-e549aa9c62be" testName="Should_Return_Same_Instance_With_Singleton_Lifetime_Transient" computerName="MATSDATOR1" duration="00:00:00.0129969" startTime="2012-01-08T11:17:21.8870328+01:00" endTime="2012-01-08T11:17:21.9160344+01:00" testType="13cdc9d9-ddb5-4fa4-a97d-d965ccfc6d4b" outcome="Passed" testListId="8c84fa94-04c1-424b-9868-57a2d4851a1d" relativeResultsDirectory="4a814b31-cd5f-441b-8bdf-23e228930dc7">
    </UnitTestResult>
    <UnitTestResult executionId="5a60356c-d86c-4fa6-bafb-286560f77a5f" testId="47aefbcd-b13f-e269-2920-df10a8f1f714" testName="Should_Return_Same_Instance_When_RegisterComponent_Has_Lifetime_Singleton" computerName="MATSDATOR1" duration="00:00:00.0020119" startTime="2012-01-08T11:17:21.9220348+01:00" endTime="2012-01-08T11:17:21.9330354+01:00" testType="13cdc9d9-ddb5-4fa4-a97d-d965ccfc6d4b" outcome="Passed" testListId="8c84fa94-04c1-424b-9868-57a2d4851a1d" relativeResultsDirectory="5a60356c-d86c-4fa6-bafb-286560f77a5f">
    </UnitTestResult>
    <UnitTestResult executionId="7c1384ff-b7a6-4cfb-a6bd-aacbc390fb2a" testId="7aa8b61e-4c78-431b-a080-64c39c3df33f" testName="Should_Return_Different_Instances_When_RegisterComponent_Has_Lifetime_Transient" computerName="MATSDATOR1" duration="00:00:00.0043913" startTime="2012-01-08T11:17:21.9430360+01:00" endTime="2012-01-08T11:17:21.9580368+01:00" testType="13cdc9d9-ddb5-4fa4-a97d-d965ccfc6d4b" outcome="Passed" testListId="8c84fa94-04c1-424b-9868-57a2d4851a1d" relativeResultsDirectory="7c1384ff-b7a6-4cfb-a6bd-aacbc390fb2a">
    </UnitTestResult>
    <UnitTestResult executionId="4f0763e2-699d-41b1-b3b1-4235feafa580" testId="9066f836-74c3-4c9a-62ae-87661f96486e" testName="Should_Return_An_Array_Containing_Two_Items_When_Resolving_All" computerName="MATSDATOR1" duration="00:00:00.0191347" startTime="2012-01-08T11:17:21.9660373+01:00" endTime="2012-01-08T11:17:21.9910387+01:00" testType="13cdc9d9-ddb5-4fa4-a97d-d965ccfc6d4b" outcome="Failed" testListId="8c84fa94-04c1-424b-9868-57a2d4851a1d" relativeResultsDirectory="4f0763e2-699d-41b1-b3b1-4235feafa580">
      <Output>
        <ErrorInfo>
          <Message>Test method SimpleIOC.Tests.ContainerTests.Should_Return_An_Array_Containing_Two_Items_When_Resolving_All threw exception: 
System.NotImplementedException: The method or operation is not implemented.</Message>
          <StackTrace>    at SimpleIOC.Core.Container.ResolveAll[T]() in C:\Development\SimpleIOC\SimpleIOC.Core\Container.cs:line 66
   at SimpleIOC.Tests.ContainerTests.Should_Return_An_Array_Containing_Two_Items_When_Resolving_All() in C:\Development\SimpleIOC\SimpleIOC.Tests\ContainerTests.cs:line 137
</StackTrace>
        </ErrorInfo>
      </Output>
    </UnitTestResult>
    <UnitTestResult executionId="4066e7d3-7325-4623-96ba-177955e7cb2c" testId="a1766c4b-3d90-ac14-0e4d-486abda2af87" testName="Should_Return_Same_Instance_With_Singleton_Lifetime_Configuration" computerName="MATSDATOR1" duration="00:00:00.0006167" startTime="2012-01-08T11:17:21.9990392+01:00" endTime="2012-01-08T11:17:22.0060396+01:00" testType="13cdc9d9-ddb5-4fa4-a97d-d965ccfc6d4b" outcome="Passed" testListId="8c84fa94-04c1-424b-9868-57a2d4851a1d" relativeResultsDirectory="4066e7d3-7325-4623-96ba-177955e7cb2c">
    </UnitTestResult>
    <UnitTestResult executionId="a3d864a4-f934-4e87-b235-7565f2b186b8" testId="a9a20814-67e6-a3ba-f2bf-f6266612a585" testName="Should_Throw_An_Exception_When_ServiceType_Is_Not_Assignable_From_Implementing_Type" computerName="MATSDATOR1" duration="00:00:00.0011864" startTime="2012-01-08T11:17:22.0090398+01:00" endTime="2012-01-08T11:17:22.0200404+01:00" testType="13cdc9d9-ddb5-4fa4-a97d-d965ccfc6d4b" outcome="Passed" testListId="8c84fa94-04c1-424b-9868-57a2d4851a1d" relativeResultsDirectory="a3d864a4-f934-4e87-b235-7565f2b186b8">
    </UnitTestResult>
    <UnitTestResult executionId="357e5d0d-e329-473b-8f36-41822fefbfc5" testId="b7695e69-3aa4-1052-b80a-9ac26e1396c3" testName="Should_Return_Different_Instances_With_No_Lifetime_Configuration" computerName="MATSDATOR1" duration="00:00:00.0008051" startTime="2012-01-08T11:17:22.0290409+01:00" endTime="2012-01-08T11:17:22.0350412+01:00" testType="13cdc9d9-ddb5-4fa4-a97d-d965ccfc6d4b" outcome="Passed" testListId="8c84fa94-04c1-424b-9868-57a2d4851a1d" relativeResultsDirectory="357e5d0d-e329-473b-8f36-41822fefbfc5">
    </UnitTestResult>
    <UnitTestResult executionId="02c6a796-eba2-4ec6-a8ac-99dc7dc471fa" testId="e1e48189-3ca1-6959-57e7-11c451585432" testName="Should_Be_Able_To_Assign_A_Type_To_Itself" computerName="MATSDATOR1" duration="00:00:00.0004372" startTime="2012-01-08T11:17:22.0430417+01:00" endTime="2012-01-08T11:17:22.0530423+01:00" testType="13cdc9d9-ddb5-4fa4-a97d-d965ccfc6d4b" outcome="Passed" testListId="8c84fa94-04c1-424b-9868-57a2d4851a1d" relativeResultsDirectory="02c6a796-eba2-4ec6-a8ac-99dc7dc471fa">
    </UnitTestResult>
    <UnitTestResult executionId="2eb6dc67-4d4f-48b2-a24c-219fc866ad8f" testId="fe93e5ba-a045-333b-dc14-a259d7f30137" testName="Should_Resolve_Using_Greediest_Constructor" computerName="MATSDATOR1" duration="00:00:00.0003233" startTime="2012-01-08T11:17:22.0550424+01:00" endTime="2012-01-08T11:17:22.0610427+01:00" testType="13cdc9d9-ddb5-4fa4-a97d-d965ccfc6d4b" outcome="Passed" testListId="8c84fa94-04c1-424b-9868-57a2d4851a1d" relativeResultsDirectory="2eb6dc67-4d4f-48b2-a24c-219fc866ad8f">
    </UnitTestResult>
  </Results>
</TestRun>