<?xml version="1.0" encoding="UTF-8"?>
<TestRun id="227b83f5-feb7-4aa0-adf9-dc6f8c31c287" name="Mats@MATSDATOR1 2012-01-08 11:25:00" runUser="MatsDator1\Mats" xmlns="http://microsoft.com/schemas/VisualStudio/TeamTest/2010">
  <TestSettings name="Local" id="8f4e77c5-bbe4-405a-a0f8-8a80e26343c7">
    <Description>These are default test settings for a local test run.</Description>
    <Deployment enabled="false" runDeploymentRoot="Mats_MATSDATOR1 2012-01-08 11_25_00">
      <DeploymentItem filename="C:\Development\SimpleIOC\SimpleIOC.Core\bin\Debug\SimpleIOC.Core.dll" />
    </Deployment>
    <Execution>
      <TestTypeSpecific />
      <AgentRule name="Execution Agents">
      </AgentRule>
    </Execution>
  </TestSettings>
  <Times creation="2012-01-08T11:25:00.7822801+01:00" queuing="2012-01-08T11:25:03.2534214+01:00" start="2012-01-08T11:25:03.4474325+01:00" finish="2012-01-08T11:25:41.3115982+01:00" />
  <ResultSummary outcome="Failed">
    <Counters total="1" executed="1" error="0" failed="1" timeout="0" aborted="0" inconclusive="0" passedButRunAborted="0" notRunnable="0" notExecuted="0" disconnected="0" warning="0" passed="0" completed="0" inProgress="0" pending="0" />
  </ResultSummary>
  <TestDefinitions>
    <UnitTest name="Should_Return_An_Array_Containing_Two_Items_When_Resolving_All" storage="c:\development\simpleioc\simpleioc.tests\bin\debug\simpleioc.tests.dll" id="9066f836-74c3-4c9a-62ae-87661f96486e">
      <Execution id="7dbc58da-ab87-4a48-9c5e-4021783e5f44" />
      <TestMethod codeBase="C:/Development/SimpleIOC/SimpleIOC.Tests/bin/Debug/SimpleIOC.Tests.DLL" adapterTypeName="Microsoft.VisualStudio.TestTools.TestTypes.Unit.UnitTestAdapter, Microsoft.VisualStudio.QualityTools.Tips.UnitTest.Adapter, Version=10.0.0.0, Culture=neutral, PublicKeyToken=b03f5f7f11d50a3a" className="SimpleIOC.Tests.ContainerTests, SimpleIOC.Tests, Version=1.0.0.0, Culture=neutral, PublicKeyToken=null" name="Should_Return_An_Array_Containing_Two_Items_When_Resolving_All" />
    </UnitTest>
  </TestDefinitions>
  <TestLists>
    <TestList name="Results Not in a List" id="8c84fa94-04c1-424b-9868-57a2d4851a1d" />
    <TestList name="All Loaded Results" id="19431567-8539-422a-85d7-44ee4e166bda" />
  </TestLists>
  <TestEntries>
    <TestEntry testId="9066f836-74c3-4c9a-62ae-87661f96486e" executionId="7dbc58da-ab87-4a48-9c5e-4021783e5f44" testListId="8c84fa94-04c1-424b-9868-57a2d4851a1d" />
  </TestEntries>
  <Results>
    <UnitTestResult executionId="7dbc58da-ab87-4a48-9c5e-4021783e5f44" testId="9066f836-74c3-4c9a-62ae-87661f96486e" testName="Should_Return_An_Array_Containing_Two_Items_When_Resolving_All" computerName="MATSDATOR1" duration="00:00:36.6020166" startTime="2012-01-08T11:25:03.6094418+01:00" endTime="2012-01-08T11:25:41.2065922+01:00" testType="13cdc9d9-ddb5-4fa4-a97d-d965ccfc6d4b" outcome="Failed" testListId="8c84fa94-04c1-424b-9868-57a2d4851a1d" relativeResultsDirectory="7dbc58da-ab87-4a48-9c5e-4021783e5f44">
      <Output>
        <ErrorInfo>
          <Message>Test method SimpleIOC.Tests.ContainerTests.Should_Return_An_Array_Containing_Two_Items_When_Resolving_All threw exception: 
System.NullReferenceException: Object reference not set to an instance of an object.</Message>
          <StackTrace>    at SimpleIOC.Core.TypeRegistration.GetAllImplementationsOf() in C:\Development\SimpleIOC\SimpleIOC.Core\TypeRegistration.cs:line 75
   at SimpleIOC.Core.DependencyResolver.ResolveAll(Type type) in C:\Development\SimpleIOC\SimpleIOC.Core\DependencyResolver.cs:line 35
   at SimpleIOC.Core.Container.ResolveAll(Type type) in C:\Development\SimpleIOC\SimpleIOC.Core\Container.cs:line 61
   at SimpleIOC.Tests.ContainerTests.Should_Return_An_Array_Containing_Two_Items_When_Resolving_All() in C:\Development\SimpleIOC\SimpleIOC.Tests\ContainerTests.cs:line 137
</StackTrace>
        </ErrorInfo>
      </Output>
    </UnitTestResult>
  </Results>
</TestRun>