<?xml version="1.0" encoding="UTF-8"?>
<TestRun id="2059e37a-4c57-4f06-aa34-3c4ff4b5543c" name="Mats@MATSDATOR1 2012-01-08 11:26:39" runUser="MatsDator1\Mats" xmlns="http://microsoft.com/schemas/VisualStudio/TeamTest/2010">
  <TestSettings name="Local" id="8f4e77c5-bbe4-405a-a0f8-8a80e26343c7">
    <Description>These are default test settings for a local test run.</Description>
    <Deployment enabled="false" runDeploymentRoot="Mats_MATSDATOR1 2012-01-08 11_26_39">
      <DeploymentItem filename="C:\Development\SimpleIOC\SimpleIOC.Core\bin\Debug\SimpleIOC.Core.dll" />
    </Deployment>
    <Execution>
      <TestTypeSpecific />
      <AgentRule name="Execution Agents">
      </AgentRule>
    </Execution>
  </TestSettings>
  <Times creation="2012-01-08T11:26:39.0449004+01:00" queuing="2012-01-08T11:26:39.0589012+01:00" start="2012-01-08T11:26:39.0759022+01:00" finish="2012-01-08T11:26:39.3859199+01:00" />
  <ResultSummary outcome="Failed">
    <Counters total="1" executed="1" error="0" failed="1" timeout="0" aborted="0" inconclusive="0" passedButRunAborted="0" notRunnable="0" notExecuted="0" disconnected="0" warning="0" passed="0" completed="0" inProgress="0" pending="0" />
  </ResultSummary>
  <TestDefinitions>
    <UnitTest name="Should_Throw_An_Exception_When_Implementation_Does_Not_" storage="c:\development\simpleioc\simpleioc.tests\bin\debug\simpleioc.tests.dll" id="8aa5fd9d-a802-19a0-1908-b1450b0fbcff">
      <Execution id="33a48814-3df0-487d-9540-96284c9cf1b0" />
      <TestMethod codeBase="C:/Development/SimpleIOC/SimpleIOC.Tests/bin/Debug/SimpleIOC.Tests.DLL" adapterTypeName="Microsoft.VisualStudio.TestTools.TestTypes.Unit.UnitTestAdapter, Microsoft.VisualStudio.QualityTools.Tips.UnitTest.Adapter, Version=10.0.0.0, Culture=neutral, PublicKeyToken=b03f5f7f11d50a3a" className="SimpleIOC.Tests.ContainerTests, SimpleIOC.Tests, Version=1.0.0.0, Culture=neutral, PublicKeyToken=null" name="Should_Throw_An_Exception_When_Implementation_Does_Not_" />
    </UnitTest>
  </TestDefinitions>
  <TestLists>
    <TestList name="Results Not in a List" id="8c84fa94-04c1-424b-9868-57a2d4851a1d" />
    <TestList name="All Loaded Results" id="19431567-8539-422a-85d7-44ee4e166bda" />
  </TestLists>
  <TestEntries>
    <TestEntry testId="8aa5fd9d-a802-19a0-1908-b1450b0fbcff" executionId="33a48814-3df0-487d-9540-96284c9cf1b0" testListId="8c84fa94-04c1-424b-9868-57a2d4851a1d" />
  </TestEntries>
  <Results>
    <UnitTestResult executionId="33a48814-3df0-487d-9540-96284c9cf1b0" testId="8aa5fd9d-a802-19a0-1908-b1450b0fbcff" testName="Should_Throw_An_Exception_When_Implementation_Does_Not_" computerName="MATSDATOR1" duration="00:00:00.0461684" startTime="2012-01-08T11:26:39.0799024+01:00" endTime="2012-01-08T11:26:39.3429175+01:00" testType="13cdc9d9-ddb5-4fa4-a97d-d965ccfc6d4b" outcome="Failed" testListId="8c84fa94-04c1-424b-9868-57a2d4851a1d" relativeResultsDirectory="33a48814-3df0-487d-9540-96284c9cf1b0">
      <Output>
        <ErrorInfo>
          <Message>Test method SimpleIOC.Tests.ContainerTests.Should_Throw_An_Exception_When_Implementation_Does_Not_ did not throw expected exception System.InvalidOperationException.</Message>
        </ErrorInfo>
      </Output>
    </UnitTestResult>
  </Results>
</TestRun>