<?xml version="1.0" encoding="UTF-8"?>
<TestRun id="404937ae-9e45-4b6c-a67d-ecb1eb97321d" name="Mats@MATSDATOR1 2012-01-08 11:28:17" runUser="MatsDator1\Mats" xmlns="http://microsoft.com/schemas/VisualStudio/TeamTest/2010">
  <TestSettings name="Local" id="8f4e77c5-bbe4-405a-a0f8-8a80e26343c7">
    <Description>These are default test settings for a local test run.</Description>
    <Deployment enabled="false" runDeploymentRoot="Mats_MATSDATOR1 2012-01-08 11_28_17">
      <DeploymentItem filename="C:\Development\SimpleIOC\SimpleIOC.Core\bin\Debug\SimpleIOC.Core.dll" />
    </Deployment>
    <Execution>
      <TestTypeSpecific />
      <AgentRule name="Execution Agents">
      </AgentRule>
    </Execution>
  </TestSettings>
  <Times creation="2012-01-08T11:28:17.2115153+01:00" queuing="2012-01-08T11:28:18.3705816+01:00" start="2012-01-08T11:28:18.5115896+01:00" finish="2012-01-08T11:28:50.5594226+01:00" />
  <ResultSummary outcome="Completed">
    <Counters total="1" executed="1" passed="1" error="0" failed="0" timeout="0" aborted="0" inconclusive="0" passedButRunAborted="0" notRunnable="0" notExecuted="0" disconnected="0" warning="0" completed="0" inProgress="0" pending="0" />
  </ResultSummary>
  <TestDefinitions>
    <UnitTest name="TestMethod1" storage="c:\development\simpleioc\simpleioc.tests\bin\debug\simpleioc.tests.dll" id="fc25fa05-7a85-eeba-5bec-55941d2d0dac">
      <Execution id="3c1920ea-0b50-4ec0-afd7-9d1e0d99a72d" />
      <TestMethod codeBase="C:/Development/SimpleIOC/SimpleIOC.Tests/bin/Debug/SimpleIOC.Tests.DLL" adapterTypeName="Microsoft.VisualStudio.TestTools.TestTypes.Unit.UnitTestAdapter, Microsoft.VisualStudio.QualityTools.Tips.UnitTest.Adapter, Version=10.0.0.0, Culture=neutral, PublicKeyToken=b03f5f7f11d50a3a" className="SimpleIOC.Tests.ContainerTests, SimpleIOC.Tests, Version=1.0.0.0, Culture=neutral, PublicKeyToken=null" name="TestMethod1" />
    </UnitTest>
  </TestDefinitions>
  <TestLists>
    <TestList name="Results Not in a List" id="8c84fa94-04c1-424b-9868-57a2d4851a1d" />
    <TestList name="All Loaded Results" id="19431567-8539-422a-85d7-44ee4e166bda" />
  </TestLists>
  <TestEntries>
    <TestEntry testId="fc25fa05-7a85-eeba-5bec-55941d2d0dac" executionId="3c1920ea-0b50-4ec0-afd7-9d1e0d99a72d" testListId="8c84fa94-04c1-424b-9868-57a2d4851a1d" />
  </TestEntries>
  <Results>
    <UnitTestResult executionId="3c1920ea-0b50-4ec0-afd7-9d1e0d99a72d" testId="fc25fa05-7a85-eeba-5bec-55941d2d0dac" testName="TestMethod1" computerName="MATSDATOR1" duration="00:00:30.9902525" startTime="2012-01-08T11:28:18.6335966+01:00" endTime="2012-01-08T11:28:50.4694175+01:00" testType="13cdc9d9-ddb5-4fa4-a97d-d965ccfc6d4b" outcome="Passed" testListId="8c84fa94-04c1-424b-9868-57a2d4851a1d" relativeResultsDirectory="3c1920ea-0b50-4ec0-afd7-9d1e0d99a72d">
    </UnitTestResult>
  </Results>
</TestRun>